[2026-02-28 18:41:39] [INFO    ] discord.client: logging in using static token
[2026-02-28 18:41:39] [DEBUG   ] discord.http: GET https://discord.com/api/v10/users/@me with None has returned 200
[2026-02-28 18:41:39] [DEBUG   ] discord.http: GET /users/@me has found its initial rate limit bucket hash (78bb8553d9352a5a2f89f9def401287a).
[2026-02-28 18:41:39] [DEBUG   ] discord.http: GET https://discord.com/api/v10/users/@me has received {'id': '1476642305971585227', 'username': 'Intership-Hunter', 'avatar': '496ccfcef3ba06a20e77928a0b70a03c', 'discriminator': '1038', 'public_flags': 0, 'flags': 0, 'bot': True, 'banner': None, 'accent_color': None, 'global_name': None, 'avatar_decoration_data': None, 'collectibles': None, 'display_name_styles': None, 'banner_color': None, 'clan': None, 'primary_guild': None, 'mfa_enabled': False, 'locale': 'en-US', 'premium_type': 0, 'email': None, 'verified': True, 'bio': ''}
[2026-02-28 18:41:39] [DEBUG   ] discord.http: GET https://discord.com/api/v10/oauth2/applications/@me with None has returned 200
[2026-02-28 18:41:39] [DEBUG   ] discord.http: GET /oauth2/applications/@me has found its initial rate limit bucket hash (d28a133af187e91d71d96a223467ce49).
[2026-02-28 18:41:39] [DEBUG   ] discord.http: GET https://discord.com/api/v10/oauth2/applications/@me has received {'id': '1476642305971585227', 'name': 'Intership-Hunter', 'icon': '496ccfcef3ba06a20e77928a0b70a03c', 'description': 'Bot that sends notifications about new offers that appeared on certain webstite that provide interships/entry-level jobs offer.', 'type': None, 'bot': {'id': '1476642305971585227', 'username': 'Intership-Hunter', 'avatar': '496ccfcef3ba06a20e77928a0b70a03c', 'discriminator': '1038', 'public_flags': 0, 'flags': 0, 'bot': True, 'banner': None, 'accent_color': None, 'global_name': None, 'avatar_decoration_data': None, 'collectibles': None, 'display_name_styles': None, 'banner_color': None, 'clan': None, 'primary_guild': None}, 'summary': '', 'is_monetized': False, 'is_verified': False, 'is_discoverable': False, 'bot_public': True, 'bot_require_code_grant': False, 'install_params': {'scopes': ['applications.commands'], 'permissions': '0'}, 'integration_types_config': {'0': {'oauth2_install_params': {'scopes': ['applications.commands'], 'permissions': '0'}}, '1': {'oauth2_install_params': {'scopes': ['applications.commands'], 'permissions': '0'}}}, 'verify_key': '5d77b4734922d220c8bd2d2888086a701d999e044bc25adb9d8df75911417a3b', 'flags': 8945664, 'hook': True, 'storefront_available': False, 'redirect_uris': [], 'interactions_endpoint_url': None, 'role_connections_verification_url': None, 'owner': {'id': '420992761987334155', 'username': 'michaellbamber', 'avatar': '3f2cd22ef357ba577f1e48b9726bfedf', 'discriminator': '0', 'public_flags': 0, 'flags': 0, 'banner': None, 'accent_color': None, 'global_name': 'Ja po prostu tak wyglądam', 'avatar_decoration_data': None, 'collectibles': None, 'display_name_styles': None, 'banner_color': None, 'clan': None, 'primary_guild': None}, 'approximate_guild_count': 1, 'approximate_user_install_count': 0, 'approximate_user_authorization_count': 0, 'interactions_event_types': [], 'interactions_version': 1, 'explicit_content_filter': 0, 'rpc_application_state': 0, 'store_application_state': 1, 'verification_state': 1, 'integration_public': True, 'integration_require_code_grant': False, 'discoverability_state': 1, 'discovery_eligibility_flags': 484, 'monetization_state': 1, 'verification_eligibility_flags': 91036, 'monetization_eligibility_flags': 181988, 'bot_approximate_guild_count': 1, 'team': None, 'internal_guild_restriction': 2, 'approved_consoles': [], 'pricing_localization_strategy': 'localized_price_sets'}
[2026-02-28 18:41:40] [DEBUG   ] discord.http: PUT https://discord.com/api/v10/applications/1476642305971585227/commands with [{"name":"register","description":"\u2026","type":1,"options":[],"nsfw":false,"dm_permission":true,"default_member_permissions":null,"contexts":null,"integration_types":null},{"name":"unregister","description":"\u2026","type":1,"options":[],"nsfw":false,"dm_permission":true,"default_member_permissions":null,"contexts":null,"integration_types":null},{"name":"showoffers","description":"\u2026","type":1,"options":[],"nsfw":false,"dm_permission":true,"default_member_permissions":null,"contexts":null,"integration_types":null},{"name":"help","description":"\u2026","type":1,"options":[],"nsfw":false,"dm_permission":true,"default_member_permissions":null,"contexts":null,"integration_types":null}] has returned 200
[2026-02-28 18:41:40] [DEBUG   ] discord.http: PUT /applications/{application_id}/commands has found its initial rate limit bucket hash (3e32a240d3716487d7d8f6dae6c54f6b).
[2026-02-28 18:41:40] [DEBUG   ] discord.http: PUT https://discord.com/api/v10/applications/1476642305971585227/commands has received [{'id': '1477300228075032771', 'application_id': '1476642305971585227', 'version': '1477300228075032775', 'default_member_permissions': None, 'type': 1, 'name': 'register', 'name_localizations': None, 'description': '…', 'description_localizations': None, 'dm_permission': True, 'contexts': None, 'integration_types': [0, 1], 'nsfw': False}, {'id': '1477300228075032772', 'application_id': '1476642305971585227', 'version': '1477300228075032776', 'default_member_permissions': None, 'type': 1, 'name': 'unregister', 'name_localizations': None, 'description': '…', 'description_localizations': None, 'dm_permission': True, 'contexts': None, 'integration_types': [0, 1], 'nsfw': False}, {'id': '1477300228075032773', 'application_id': '1476642305971585227', 'version': '1477300228075032777', 'default_member_permissions': None, 'type': 1, 'name': 'showoffers', 'name_localizations': None, 'description': '…', 'description_localizations': None, 'dm_permission': True, 'contexts': None, 'integration_types': [0, 1], 'nsfw': False}, {'id': '1477300228075032774', 'application_id': '1476642305971585227', 'version': '1477300228075032778', 'default_member_permissions': None, 'type': 1, 'name': 'help', 'name_localizations': None, 'description': '…', 'description_localizations': None, 'dm_permission': True, 'contexts': None, 'integration_types': [0, 1], 'nsfw': False}]
[2026-02-28 18:41:40] [DEBUG   ] discord.gateway: Created websocket connected to wss://gateway.discord.gg/
[2026-02-28 18:41:40] [DEBUG   ] discord.gateway: For Shard ID None: WebSocket Event: {'t': None, 's': None, 'op': 10, 'd': {'heartbeat_interval': 41250, '_trace': ['["gateway-prd-arm-us-east1-d-z4bk",{"micros":0.0}]']}}
[2026-02-28 18:41:40] [DEBUG   ] discord.gateway: Shard ID None has sent the IDENTIFY payload.
[2026-02-28 18:41:40] [DEBUG   ] discord.gateway: For Shard ID None: WebSocket Event: {'t': None, 's': None, 'op': 11, 'd': None}
[2026-02-28 18:41:40] [DEBUG   ] discord.gateway: For Shard ID None: WebSocket Event: {'t': 'READY', 's': 1, 'op': 0, 'd': {'v': 10, 'user_settings': {}, 'user': {'verified': True, 'username': 'Intership-Hunter', 'primary_guild': None, 'mfa_enabled': False, 'id': '1476642305971585227', 'global_name': None, 'flags': 0, 'email': None, 'discriminator': '1038', 'clan': None, 'bot': True, 'avatar': '496ccfcef3ba06a20e77928a0b70a03c'}, 'session_type': 'normal', 'session_id': '13a3a2e258f7de4b53ab7e15aa428b96', 'resume_gateway_url': 'wss://gateway-us-east1-d.discord.gg', 'relationships': [], 'private_channels': [], 'presences': [], 'guilds': [{'unavailable': True, 'id': '1476907639324803212'}], 'guild_join_requests': [], 'geo_ordered_rtc_regions': ['warsaw', 'bucharest', 'denmark', 'frankfurt', 'stockholm'], 'game_relationships': [], 'auth': {}, 'application': {'id': '1476642305971585227', 'flags': 8945664}, '_trace': ['["gateway-prd-arm-us-east1-d-z4bk",{"micros":126376,"calls":["id_created",{"micros":747,"calls":[]},"session_lookup_time",{"micros":314,"calls":[]},"session_lookup_finished",{"micros":14,"calls":[]},"discord-sessions-prd-2-129",{"micros":124969,"calls":["start_session",{"micros":114541,"calls":["discord-api-rpc-5c8f956bb4-jj89g",{"micros":46235,"calls":["get_user",{"micros":21016},"get_guilds",{"micros":2899},"send_scheduled_deletion_message",{"micros":14},"guild_join_requests",{"micros":603},"authorized_ip_coro",{"micros":18},"pending_payments",{"micros":1531},"apex_experiments",{"micros":41744},"sessions_experiments",{"micros":7},"user_activities",{"micros":5},"played_application_ids",{"micros":4},"linked_users",{"micros":4},"ad_personalization_toggles_disabled",{"micros":4},"regional_feature_config",{"micros":3}]}]},"starting_guild_connect",{"micros":33,"calls":[]},"presence_started",{"micros":9822,"calls":[]},"guilds_started",{"micros":60,"calls":[]},"lobbies_started",{"micros":1,"calls":[]},"guilds_connect",{"micros":1,"calls":[]},"presence_connect",{"micros":451,"calls":[]},"connect_finished",{"micros":494,"calls":[]},"build_ready",{"micros":15,"calls":[]},"clean_ready",{"micros":1,"calls":[]},"optimize_ready",{"micros":0,"calls":[]},"split_ready",{"micros":1,"calls":[]}]}]}]']}}
[2026-02-28 18:41:40] [DEBUG   ] discord.client: Dispatching event socket_event_type
[2026-02-28 18:41:40] [INFO    ] discord.gateway: Shard ID None has connected to Gateway (Session ID: 13a3a2e258f7de4b53ab7e15aa428b96).
[2026-02-28 18:41:40] [DEBUG   ] discord.client: Dispatching event connect
[2026-02-28 18:41:40] [DEBUG   ] discord.gateway: For Shard ID None: WebSocket Event: {'t': 'GUILD_CREATE', 's': 2, 'op': 0, 'd': {'preferred_locale': 'en-US', 'embedded_activities': [], 'splash': None, 'icon': None, 'channels': [{'version': 1772192621015, 'type': 4, 'position': 0, 'permission_overwrites': [], 'name': 'Kanały tekstowe', 'id': '1476907640071131136', 'flags': 0}, {'version': 1772192621026, 'type': 4, 'position': 0, 'permission_overwrites': [], 'name': 'Kanały głosowe', 'id': '1476907640071131138', 'flags': 0}, {'version': 1772192621089, 'user_limit': 0, 'type': 2, 'status': None, 'rtc_region': None, 'rate_limit_per_user': 0, 'position': 0, 'permission_overwrites': [], 'parent_id': '1476907640071131138', 'name': 'Ogólne', 'last_message_id': None, 'id': '1476907640071131140', 'icon_emoji': {'name': '🎙', 'id': None}, 'flags': 0, 'bitrate': 64000}, {'version': 1772299020663, 'type': 0, 'topic': None, 'rate_limit_per_user': 0, 'position': 0, 'permission_overwrites': [], 'parent_id': '1476907640071131136', 'nsfw': False, 'name': 'ogólny', 'last_message_id': '1477356336667955370', 'id': '1477353912548724757', 'flags': 0}], 'rules_channel_id': None, 'profile': None, 'application_command_counts': {}, 'member_count': 2, 'large': False, 'id': '1476907639324803212', 'name': 'Serwer użytkownika Ja po prostu tak wyglądam', 'region': 'deprecated', 'joined_at': '2026-02-28T17:25:27.282906+00:00', 'stickers': [], 'voice_states': [], 'activity_instances': [], 'guild_scheduled_events': [], 'inventory_settings': None, 'members': [{'user': {'username': 'Intership-Hunter', 'public_flags': 0, 'primary_guild': None, 'id': '1476642305971585227', 'global_name': None, 'display_name_styles': None, 'display_name': None, 'discriminator': '1038', 'collectibles': None, 'bot': True, 'avatar_decoration_data': None, 'avatar': '496ccfcef3ba06a20e77928a0b70a03c'}, 'roles': [], 'premium_since': None, 'pending': False, 'nick': None, 'mute': False, 'joined_at': '2026-02-28T17:25:27.282906+00:00', 'flags': 1, 'deaf': False, 'communication_disabled_until': None, 'banner': None, 'avatar': None}], 'threads': [], 'discovery_splash': None, 'afk_channel_id': None, 'latest_onboarding_question_id': None, 'safety_alerts_channel_id': None, 'soundboard_sounds': [], 'moderator_reporting': None, 'description': None, 'explicit_content_filter': 0, 'premium_progress_bar_enabled': False, 'roles': [{'version': 1772192620998, 'unicode_emoji': None, 'tags': {}, 'position': 0, 'permissions': '2248473465835073', 'name': '@everyone', 'mentionable': False, 'managed': False, 'id': '1476907639324803212', 'icon': None, 'hoist': False, 'flags': 0, 'colors': {'tertiary_color': None, 'secondary_color': None, 'primary_color': 0}, 'color': 0}], 'lazy': True, 'emojis': [], 'default_message_notifications': 0, 'incidents_data': None, 'premium_subscription_count': 0, 'nsfw': False, 'premium_progress_bar_enabled_user_updated_at': None, 'premium_features': None, 'nsfw_level': 0, 'hub_type': None, 'max_video_channel_users': 25, 'application_id': None, 'afk_timeout': 300, 'max_members': 25000000, 'unavailable': False, 'public_updates_channel_id': None, 'presences': [], 'features': [], 'owner_id': '420992761987334155', 'system_channel_id': None, 'vanity_url_code': None, 'system_channel_flags': 0, 'mfa_level': 0, 'premium_tier': 0, 'verification_level': 0, 'max_stage_video_channel_users': 50, 'version': 1772299015441, 'owner_configured_content_level': 0, 'banner': None, 'home_header': None, 'stage_instances': []}}
[2026-02-28 18:41:40] [DEBUG   ] discord.client: Dispatching event socket_event_type
[2026-02-28 18:41:40] [DEBUG   ] discord.gateway: For Shard ID None: WebSocket Event: {'t': 'GUILD_MEMBERS_CHUNK', 's': 3, 'op': 0, 'd': {'nonce': 'd2c58b1f17a841a963caff239f3d952e', 'members': [{'user': {'username': 'michaellbamber', 'public_flags': 0, 'primary_guild': None, 'id': '420992761987334155', 'global_name': 'Ja po prostu tak wyglądam', 'display_name_styles': None, 'display_name': 'Ja po prostu tak wyglądam', 'discriminator': '0', 'collectibles': None, 'bot': False, 'avatar_decoration_data': None, 'avatar': '3f2cd22ef357ba577f1e48b9726bfedf'}, 'roles': [], 'premium_since': None, 'pending': False, 'nick': None, 'mute': False, 'joined_at': '2026-02-27T11:43:40.846000+00:00', 'flags': 0, 'deaf': False, 'communication_disabled_until': None, 'banner': None, 'avatar': None}, {'user': {'username': 'Intership-Hunter', 'public_flags': 0, 'primary_guild': None, 'id': '1476642305971585227', 'global_name': None, 'display_name_styles': None, 'display_name': None, 'discriminator': '1038', 'collectibles': None, 'bot': True, 'avatar_decoration_data': None, 'avatar': '496ccfcef3ba06a20e77928a0b70a03c'}, 'roles': [], 'premium_since': None, 'pending': False, 'nick': None, 'mute': False, 'joined_at': '2026-02-28T17:25:27.282906+00:00', 'flags': 1, 'deaf': False, 'communication_disabled_until': None, 'banner': None, 'avatar': None}], 'guild_id': '1476907639324803212', 'chunk_index': 0, 'chunk_count': 1}}
[2026-02-28 18:41:40] [DEBUG   ] discord.client: Dispatching event socket_event_type
[2026-02-28 18:41:40] [DEBUG   ] discord.state: Processed a chunk for 2 members in guild ID 1476907639324803212.
[2026-02-28 18:41:42] [DEBUG   ] discord.client: Dispatching event guild_available
[2026-02-28 18:41:42] [DEBUG   ] discord.client: Dispatching event ready
[2026-02-28 18:41:53] [ERROR   ] discord.ext.tasks: Unhandled exception in internal background task '_poll_new_offers'.
Traceback (most recent call last):
  File "C:\Users\Mangner\Desktop\Internship-Hunter\.venv\Lib\site-packages\discord\ext\tasks\__init__.py", line 247, in _loop
    await self.coro(*args, **kwargs)
  File "c:\Users\Mangner\Desktop\Internship-Hunter\BOT\cogs\offer_cog.py", line 113, in _poll_new_offers
    await channel.send(f"Nowa oferta: {offer.offer_name}\n{offer.href}")
                                       ^^^^^^^^^^^^^^^^
  File "C:\Users\Mangner\Desktop\Internship-Hunter\.venv\Lib\site-packages\sqlalchemy\orm\attributes.py", line 569, in __get__
    return self.impl.get(state, dict_)  # type: ignore[no-any-return]
           ~~~~~~~~~~~~~^^^^^^^^^^^^^^
  File "C:\Users\Mangner\Desktop\Internship-Hunter\.venv\Lib\site-packages\sqlalchemy\orm\attributes.py", line 1096, in get
    value = self._fire_loader_callables(state, key, passive)
  File "C:\Users\Mangner\Desktop\Internship-Hunter\.venv\Lib\site-packages\sqlalchemy\orm\attributes.py", line 1126, in _fire_loader_callables
    return state._load_expired(state, passive)
           ~~~~~~~~~~~~~~~~~~~^^^^^^^^^^^^^^^^
  File "C:\Users\Mangner\Desktop\Internship-Hunter\.venv\Lib\site-packages\sqlalchemy\orm\state.py", line 828, in _load_expired
    self.manager.expired_attribute_loader(self, toload, passive)
    ~~~~~~~~~~~~~~~~~~~~~~~~~~~~~~~~~~~~~^^^^^^^^^^^^^^^^^^^^^^^
  File "C:\Users\Mangner\Desktop\Internship-Hunter\.venv\Lib\site-packages\sqlalchemy\orm\loading.py", line 1607, in load_scalar_attributes
    raise orm_exc.DetachedInstanceError(
    ...<2 lines>...
    )
sqlalchemy.orm.exc.DetachedInstanceError: Instance <Offer at 0x25932227450> is not bound to a Session; attribute refresh operation cannot proceed (Background on this error at: https://sqlalche.me/e/20/bhk3)
[2026-02-28 18:42:21] [DEBUG   ] discord.gateway: Keeping shard ID None websocket alive with sequence 3.
[2026-02-28 18:42:21] [DEBUG   ] discord.gateway: For Shard ID None: WebSocket Event: {'t': None, 's': None, 'op': 11, 'd': None}
[2026-02-28 18:43:03] [DEBUG   ] discord.gateway: Keeping shard ID None websocket alive with sequence 3.
[2026-02-28 18:43:03] [DEBUG   ] discord.gateway: For Shard ID None: WebSocket Event: {'t': None, 's': None, 'op': 11, 'd': None}
[2026-02-28 18:43:44] [DEBUG   ] discord.gateway: Keeping shard ID None websocket alive with sequence 3.
[2026-02-28 18:43:44] [DEBUG   ] discord.gateway: For Shard ID None: WebSocket Event: {'t': None, 's': None, 'op': 11, 'd': None}
[2026-02-28 18:44:25] [DEBUG   ] discord.gateway: Keeping shard ID None websocket alive with sequence 3.
[2026-02-28 18:44:25] [DEBUG   ] discord.gateway: For Shard ID None: WebSocket Event: {'t': None, 's': None, 'op': 11, 'd': None}
[2026-02-28 18:45:06] [DEBUG   ] discord.gateway: Keeping shard ID None websocket alive with sequence 3.
[2026-02-28 18:45:06] [DEBUG   ] discord.gateway: For Shard ID None: WebSocket Event: {'t': None, 's': None, 'op': 11, 'd': None}
[2026-02-28 18:45:48] [DEBUG   ] discord.gateway: Keeping shard ID None websocket alive with sequence 3.
[2026-02-28 18:45:48] [DEBUG   ] discord.gateway: For Shard ID None: WebSocket Event: {'t': None, 's': None, 'op': 11, 'd': None}
[2026-02-28 18:46:29] [DEBUG   ] discord.gateway: Keeping shard ID None websocket alive with sequence 3.
[2026-02-28 18:46:29] [DEBUG   ] discord.gateway: For Shard ID None: WebSocket Event: {'t': None, 's': None, 'op': 11, 'd': None}
[2026-02-28 18:47:10] [DEBUG   ] discord.gateway: Keeping shard ID None websocket alive with sequence 3.
[2026-02-28 18:47:10] [DEBUG   ] discord.gateway: For Shard ID None: WebSocket Event: {'t': None, 's': None, 'op': 11, 'd': None}
[2026-02-28 18:47:51] [DEBUG   ] discord.gateway: Keeping shard ID None websocket alive with sequence 3.
[2026-02-28 18:47:51] [DEBUG   ] discord.gateway: For Shard ID None: WebSocket Event: {'t': None, 's': None, 'op': 11, 'd': None}
[2026-02-28 18:48:33] [DEBUG   ] discord.gateway: Keeping shard ID None websocket alive with sequence 3.
[2026-02-28 18:48:33] [DEBUG   ] discord.gateway: For Shard ID None: WebSocket Event: {'t': None, 's': None, 'op': 11, 'd': None}
[2026-02-28 18:49:14] [DEBUG   ] discord.gateway: Keeping shard ID None websocket alive with sequence 3.
[2026-02-28 18:49:14] [DEBUG   ] discord.gateway: For Shard ID None: WebSocket Event: {'t': None, 's': None, 'op': 11, 'd': None}
[2026-02-28 18:49:55] [DEBUG   ] discord.gateway: Keeping shard ID None websocket alive with sequence 3.
[2026-02-28 18:49:55] [DEBUG   ] discord.gateway: For Shard ID None: WebSocket Event: {'t': None, 's': None, 'op': 11, 'd': None}
[2026-02-28 18:50:36] [DEBUG   ] discord.gateway: Keeping shard ID None websocket alive with sequence 3.
[2026-02-28 18:50:37] [DEBUG   ] discord.gateway: For Shard ID None: WebSocket Event: {'t': None, 's': None, 'op': 11, 'd': None}
[2026-02-28 18:51:18] [DEBUG   ] discord.gateway: Keeping shard ID None websocket alive with sequence 3.
[2026-02-28 18:51:18] [DEBUG   ] discord.gateway: For Shard ID None: WebSocket Event: {'t': None, 's': None, 'op': 11, 'd': None}
[2026-02-28 18:51:59] [DEBUG   ] discord.gateway: Keeping shard ID None websocket alive with sequence 3.
[2026-02-28 18:51:59] [DEBUG   ] discord.gateway: For Shard ID None: WebSocket Event: {'t': None, 's': None, 'op': 11, 'd': None}
[2026-02-28 18:52:40] [DEBUG   ] discord.gateway: Keeping shard ID None websocket alive with sequence 3.
[2026-02-28 18:52:40] [DEBUG   ] discord.gateway: For Shard ID None: WebSocket Event: {'t': None, 's': None, 'op': 11, 'd': None}
[2026-02-28 18:53:21] [DEBUG   ] discord.gateway: Keeping shard ID None websocket alive with sequence 3.
[2026-02-28 18:53:22] [DEBUG   ] discord.gateway: For Shard ID None: WebSocket Event: {'t': None, 's': None, 'op': 11, 'd': None}
[2026-02-28 19:26:49] [WARNING ] discord.gateway: Shard ID None has stopped responding to the gateway. Closing and restarting.
[2026-02-28 19:26:49] [DEBUG   ] discord.gateway: Timed out receiving packet. Attempting a reconnect.
[2026-02-28 19:26:49] [DEBUG   ] discord.client: Got a request to RESUME the websocket.
[2026-02-28 19:26:49] [DEBUG   ] discord.client: Dispatching event disconnect
[2026-02-28 19:26:49] [DEBUG   ] discord.gateway: Created websocket connected to wss://gateway-us-east1-d.discord.gg
[2026-02-28 19:26:49] [DEBUG   ] discord.gateway: For Shard ID None: WebSocket Event: {'t': None, 's': None, 'op': 10, 'd': {'heartbeat_interval': 41250, '_trace': ['["gateway-prd-arm-us-east1-d-7pfc",{"micros":0.0}]']}}
[2026-02-28 19:26:49] [DEBUG   ] discord.gateway: Shard ID None has sent the RESUME payload.
[2026-02-28 19:26:49] [DEBUG   ] discord.gateway: For Shard ID None: WebSocket Event: {'t': None, 's': None, 'op': 11, 'd': None}
[2026-02-28 19:26:49] [DEBUG   ] discord.gateway: For Shard ID None: WebSocket Event: {'t': None, 's': None, 'op': 9, 'd': False}
[2026-02-28 19:26:49] [INFO    ] discord.gateway: Shard ID None session has been invalidated.
[2026-02-28 19:26:49] [DEBUG   ] discord.client: Got a request to IDENTIFY the websocket.
[2026-02-28 19:26:49] [DEBUG   ] discord.client: Dispatching event disconnect
[2026-02-28 19:26:49] [DEBUG   ] discord.gateway: Created websocket connected to wss://gateway-us-east1-d.discord.gg
[2026-02-28 19:26:49] [DEBUG   ] discord.gateway: For Shard ID None: WebSocket Event: {'t': None, 's': None, 'op': 10, 'd': {'heartbeat_interval': 41250, '_trace': ['["gateway-prd-arm-us-east1-d-rtwl",{"micros":0.0}]']}}
[2026-02-28 19:26:54] [DEBUG   ] discord.gateway: Shard ID None has sent the IDENTIFY payload.
[2026-02-28 19:26:54] [DEBUG   ] discord.gateway: For Shard ID None: WebSocket Event: {'t': None, 's': None, 'op': 11, 'd': None}
[2026-02-28 19:26:54] [DEBUG   ] discord.gateway: For Shard ID None: WebSocket Event: {'t': 'READY', 's': 1, 'op': 0, 'd': {'v': 10, 'user_settings': {}, 'user': {'verified': True, 'username': 'Intership-Hunter', 'primary_guild': None, 'mfa_enabled': False, 'id': '1476642305971585227', 'global_name': None, 'flags': 0, 'email': None, 'discriminator': '1038', 'clan': None, 'bot': True, 'avatar': '496ccfcef3ba06a20e77928a0b70a03c'}, 'session_type': 'normal', 'session_id': '9319562ea8efcc68056b46c1e5212a0f', 'resume_gateway_url': 'wss://gateway-us-east1-d.discord.gg', 'relationships': [], 'private_channels': [], 'presences': [], 'guilds': [{'unavailable': True, 'id': '1476907639324803212'}], 'guild_join_requests': [], 'geo_ordered_rtc_regions': ['warsaw', 'bucharest', 'denmark', 'frankfurt', 'stockholm'], 'game_relationships': [], 'auth': {}, 'application': {'id': '1476642305971585227', 'flags': 8945664}, '_trace': ['["gateway-prd-arm-us-east1-d-rtwl",{"micros":114487,"calls":["id_created",{"micros":649,"calls":[]},"session_lookup_time",{"micros":242,"calls":[]},"session_lookup_finished",{"micros":13,"calls":[]},"discord-sessions-prd-2-99",{"micros":113296,"calls":["start_session",{"micros":99185,"calls":["discord-api-rpc-5c8f956bb4-dxtfx",{"micros":57495,"calls":["get_user",{"micros":14877},"get_guilds",{"micros":7320},"send_scheduled_deletion_message",{"micros":16},"guild_join_requests",{"micros":3},"authorized_ip_coro",{"micros":15},"pending_payments",{"micros":1491},"apex_experiments",{"micros":33069},"sessions_experiments",{"micros":5},"user_activities",{"micros":4},"played_application_ids",{"micros":3},"linked_users",{"micros":3},"ad_personalization_toggles_disabled",{"micros":40},"regional_feature_config",{"micros":4}]}]},"starting_guild_connect",{"micros":48,"calls":[]},"presence_started",{"micros":343,"calls":[]},"guilds_started",{"micros":60,"calls":[]},"lobbies_started",{"micros":1,"calls":[]},"guilds_connect",{"micros":1,"calls":[]},"presence_connect",{"micros":13588,"calls":[]},"connect_finished",{"micros":13643,"calls":[]},"build_ready",{"micros":14,"calls":[]},"clean_ready",{"micros":1,"calls":[]},"optimize_ready",{"micros":0,"calls":[]},"split_ready",{"micros":0,"calls":[]}]}]}]']}}
[2026-02-28 19:26:54] [DEBUG   ] discord.client: Dispatching event socket_event_type
[2026-02-28 19:26:54] [INFO    ] discord.gateway: Shard ID None has connected to Gateway (Session ID: 9319562ea8efcc68056b46c1e5212a0f).
[2026-02-28 19:26:54] [DEBUG   ] discord.client: Dispatching event connect
[2026-02-28 19:26:54] [DEBUG   ] discord.gateway: For Shard ID None: WebSocket Event: {'t': 'GUILD_CREATE', 's': 2, 'op': 0, 'd': {'joined_at': '2026-02-28T17:25:27.282000+00:00', 'max_members': 25000000, 'unavailable': False, 'soundboard_sounds': [], 'premium_progress_bar_enabled_user_updated_at': None, 'premium_progress_bar_enabled': False, 'stickers': [], 'system_channel_flags': 0, 'region': 'deprecated', 'voice_states': [], 'profile': None, 'safety_alerts_channel_id': None, 'max_video_channel_users': 25, 'rules_channel_id': None, 'afk_timeout': 300, 'channels': [{'version': 1772192621015, 'type': 4, 'position': 0, 'permission_overwrites': [], 'name': 'Kanały tekstowe', 'id': '1476907640071131136', 'flags': 0}, {'version': 1772192621026, 'type': 4, 'position': 0, 'permission_overwrites': [], 'name': 'Kanały głosowe', 'id': '1476907640071131138', 'flags': 0}, {'version': 1772192621089, 'user_limit': 0, 'type': 2, 'rtc_region': None, 'rate_limit_per_user': 0, 'position': 0, 'permission_overwrites': [], 'parent_id': '1476907640071131138', 'name': 'Ogólne', 'last_message_id': None, 'id': '1476907640071131140', 'icon_emoji': {'name': '🎙', 'id': None}, 'flags': 0, 'bitrate': 64000}, {'version': 1772299020663, 'type': 0, 'topic': None, 'rate_limit_per_user': 0, 'position': 0, 'permission_overwrites': [], 'parent_id': '1476907640071131136', 'name': 'ogólny', 'last_message_id': '1477356336667955370', 'id': '1477353912548724757', 'flags': 0}], 'max_stage_video_channel_users': 50, 'discovery_splash': None, 'premium_tier': 0, 'id': '1476907639324803212', 'verification_level': 0, 'name': 'Serwer użytkownika Ja po prostu tak wyglądam', 'owner_configured_content_level': 0, 'owner_id': '420992761987334155', 'vanity_url_code': None, 'threads': [], 'inventory_settings': None, 'roles': [{'version': 1772192620998, 'unicode_emoji': None, 'tags': {}, 'position': 0, 'permissions': '2248473465835073', 'name': '@everyone', 'mentionable': False, 'managed': False, 'id': '1476907639324803212', 'icon': None, 'hoist': False, 'flags': 0, 'colors': {'tertiary_color': None, 'secondary_color': None, 'primary_color': 0}, 'color': 0}], 'nsfw_level': 0, 'activity_instances': [], 'mfa_level': 0, 'preferred_locale': 'en-US', 'premium_subscription_count': 0, 'description': None, 'public_updates_channel_id': None, 'embedded_activities': [], 'system_channel_id': None, 'member_count': 2, 'guild_scheduled_events': [], 'stage_instances': [], 'features': [], 'splash': None, 'presences': [], 'home_header': None, 'latest_onboarding_question_id': None, 'members': [{'user': {'username': 'Intership-Hunter', 'public_flags': 0, 'primary_guild': None, 'id': '1476642305971585227', 'global_name': None, 'display_name_styles': None, 'display_name': None, 'discriminator': '1038', 'collectibles': None, 'bot': True, 'avatar_decoration_data': None, 'avatar': '496ccfcef3ba06a20e77928a0b70a03c'}, 'roles': [], 'premium_since': None, 'pending': False, 'nick': None, 'mute': False, 'joined_at': '2026-02-28T17:25:27.282000+00:00', 'flags': 1, 'deaf': False, 'communication_disabled_until': None, 'banner': None, 'avatar': None}], 'emojis': [], 'incidents_data': None, 'explicit_content_filter': 0, 'large': False, 'nsfw': False, 'lazy': True, 'afk_channel_id': None, 'application_id': None, 'moderator_reporting': None, 'version': 1772299015441, 'application_command_counts': {}, 'premium_features': None, 'banner': None, 'icon': None, 'default_message_notifications': 0, 'hub_type': None}}
[2026-02-28 19:26:54] [DEBUG   ] discord.client: Dispatching event socket_event_type
[2026-02-28 19:26:55] [DEBUG   ] discord.gateway: For Shard ID None: WebSocket Event: {'t': 'GUILD_MEMBERS_CHUNK', 's': 3, 'op': 0, 'd': {'nonce': '6384fdfca868c8546b56c65ddbb292ab', 'members': [{'user': {'username': 'michaellbamber', 'public_flags': 0, 'primary_guild': None, 'id': '420992761987334155', 'global_name': 'Ja po prostu tak wyglądam', 'display_name_styles': None, 'display_name': 'Ja po prostu tak wyglądam', 'discriminator': '0', 'collectibles': None, 'bot': False, 'avatar_decoration_data': None, 'avatar': '3f2cd22ef357ba577f1e48b9726bfedf'}, 'roles': [], 'premium_since': None, 'pending': False, 'nick': None, 'mute': False, 'joined_at': '2026-02-27T11:43:40.846000+00:00', 'flags': 0, 'deaf': False, 'communication_disabled_until': None, 'banner': None, 'avatar': None}, {'user': {'username': 'Intership-Hunter', 'public_flags': 0, 'primary_guild': None, 'id': '1476642305971585227', 'global_name': None, 'display_name_styles': None, 'display_name': None, 'discriminator': '1038', 'collectibles': None, 'bot': True, 'avatar_decoration_data': None, 'avatar': '496ccfcef3ba06a20e77928a0b70a03c'}, 'roles': [], 'premium_since': None, 'pending': False, 'nick': None, 'mute': False, 'joined_at': '2026-02-28T17:25:27.282000+00:00', 'flags': 1, 'deaf': False, 'communication_disabled_until': None, 'banner': None, 'avatar': None}], 'guild_id': '1476907639324803212', 'chunk_index': 0, 'chunk_count': 1}}
[2026-02-28 19:26:55] [DEBUG   ] discord.client: Dispatching event socket_event_type
[2026-02-28 19:26:55] [DEBUG   ] discord.state: Processed a chunk for 2 members in guild ID 1476907639324803212.
[2026-02-28 19:26:56] [DEBUG   ] discord.client: Dispatching event guild_available
[2026-02-28 19:26:56] [DEBUG   ] discord.client: Dispatching event ready
